<?xml version="1.0" encoding="UTF-8"?>
<testng-results skipped="0" failed="0" ignored="0" total="1" passed="1">
  <reporter-output>
  </reporter-output>
  <suite name="Example test run" duration-ms="31158" started-at="2017-12-17T12:55:28Z" finished-at="2017-12-17T12:55:59Z">
    <groups>
    </groups>
    <test name="Simple Test" duration-ms="31158" started-at="2017-12-17T12:55:28Z" finished-at="2017-12-17T12:55:59Z">
      <class name="sampletests.TestCase11">
        <test-method status="PASS" signature="beforeClass()[pri:0, instance:sampletests.TestCase11@77caeb3e]" name="beforeClass" is-config="true" duration-ms="23767" started-at="2017-12-17T04:55:28Z" finished-at="2017-12-17T04:55:52Z">
          <reporter-output>
          </reporter-output>
        </test-method> <!-- beforeClass -->
        <test-method status="PASS" signature="testCase()[pri:0, instance:sampletests.TestCase11@77caeb3e]" name="testCase" duration-ms="6874" started-at="2017-12-17T04:55:52Z" finished-at="2017-12-17T04:55:59Z">
          <reporter-output>
          </reporter-output>
        </test-method> <!-- testCase -->
        <test-method status="PASS" signature="afterClass()[pri:0, instance:sampletests.TestCase11@77caeb3e]" name="afterClass" is-config="true" duration-ms="460" started-at="2017-12-17T04:55:59Z" finished-at="2017-12-17T04:55:59Z">
          <reporter-output>
          </reporter-output>
        </test-method> <!-- afterClass -->
      </class> <!-- sampletests.TestCase11 -->
    </test> <!-- Simple Test -->
  </suite> <!-- Example test run -->
</testng-results>
